<?xml version="1.0" encoding="UTF-8"?>
<testng-results ignored="0" total="1" passed="1" failed="0" skipped="0">
  <reporter-output>
  </reporter-output>
  <suite started-at="2024-07-30T17:59:31 IST" name="Default suite" finished-at="2024-07-30T17:59:41 IST" duration-ms="10042">
    <groups>
    </groups>
    <test started-at="2024-07-30T17:59:31 IST" name="Default test" finished-at="2024-07-30T17:59:41 IST" duration-ms="10042">
      <class name="testcases.TC_001_Login_Test">
        <test-method is-config="true" signature="launchURL()[pri:0, instance:testcases.TC_001_Login_Test@47eaca72]" started-at="2024-07-30T17:59:31 IST" name="launchURL" finished-at="2024-07-30T17:59:41 IST" duration-ms="9714" status="PASS">
          <reporter-output>
          </reporter-output>
        </test-method> <!-- launchURL -->
        <test-method signature="login()[pri:0, instance:testcases.TC_001_Login_Test@47eaca72]" started-at="2024-07-30T17:59:41 IST" name="login" finished-at="2024-07-30T17:59:41 IST" duration-ms="277" status="PASS">
          <reporter-output>
          </reporter-output>
        </test-method> <!-- login -->
      </class> <!-- testcases.TC_001_Login_Test -->
    </test> <!-- Default test -->
  </suite> <!-- Default suite -->
</testng-results>
